<?xml version="1.0" encoding="UTF-8"?>
<!-- Generated by org.testng.reporters.JUnitXMLReporter -->
<testsuite ignored="3" hostname="DESKTOP-7NIOA1I" failures="0" tests="2" name="Test" time="13.402" errors="0" timestamp="2022-06-21T17:03:28 IST">
  <testcase classname="testNG.TestNG_Groups" name="gmail" time="5.717"/>
  <testcase classname="testNG.TestNG_Groups" name="google" time="3.801"/>
  <testcase classname="testNG.TestNG_Groups" name="twitter" time="0.0">
    <ignored/>
  </testcase> <!-- twitter -->
  <testcase classname="testNG.TestNG_Groups" name="selenium" time="0.0">
    <ignored/>
  </testcase> <!-- selenium -->
  <testcase classname="testNG.TestNG_Groups" name="facebook" time="0.0">
    <ignored/>
  </testcase> <!-- facebook -->
</testsuite> <!-- Test -->
