<?xml version="1.0" encoding="UTF-8"?>
<testng-results ignored="0" total="1" passed="1" failed="0" skipped="0">
  <reporter-output>
  </reporter-output>
  <suite started-at="2022-06-29T16:39:39 IST" name="Default suite" finished-at="2022-06-29T16:39:54 IST" duration-ms="14855">
    <groups>
    </groups>
    <test started-at="2022-06-29T16:39:39 IST" name="Default test" finished-at="2022-06-29T16:39:54 IST" duration-ms="14855">
      <class name="log4j.Log4jDemo">
        <test-method signature="log4jDemo()[pri:0, instance:log4j.Log4jDemo@4229bb3f]" started-at="2022-06-29T16:39:39 IST" name="log4jDemo" finished-at="2022-06-29T16:39:54 IST" duration-ms="14786" status="PASS">
          <reporter-output>
          </reporter-output>
        </test-method> <!-- log4jDemo -->
      </class> <!-- log4j.Log4jDemo -->
    </test> <!-- Default test -->
  </suite> <!-- Default suite -->
</testng-results>
